app/build/intermediates/manifest_merge_blame_file/debug/manifest-merger-blame-debug-report.txt
1<?xml version="1.0" encoding="utf-8"?>
2<manifest xmlns:android="http://schemas.android.com/apk/res/android"
3    package="com.example.myapplication"
4    android:versionCode="1"
5    android:versionName="1.0" >
6
7    <uses-sdk
8        android:minSdkVersion="21"
8-->src\main\AndroidManifest.xml
9        android:targetSdkVersion="28" />
9-->src\main\AndroidManifest.xml
10
11    <application
11-->src\main\AndroidManifest.xml:5:5-132:19
12        android:appComponentFactory="android.support.v4.app.CoreComponentFactory"
12-->[com.android.support:support-compat:28.0.0] AndroidManifest.xml:22:18-91
13        android:debuggable="true"
14        android:icon="@drawable/app_notes"
14-->src\main\AndroidManifest.xml:6:9-43
15        android:label="@string/app_name"
15-->src\main\AndroidManifest.xml:7:9-41
16        android:testOnly="true" >
17        <activity
17-->src\main\AndroidManifest.xml:8:9-11:57
18            android:name="com.example.android.notepad.NoteColor"
18-->src\main\AndroidManifest.xml:8:19-44
19            android:label="ChangeColor"
19-->src\main\AndroidManifest.xml:10:13-40
20            android:theme="@android:style/Theme.Holo.Light.Dialog"
20-->src\main\AndroidManifest.xml:9:13-67
21            android:windowSoftInputMode="stateVisible" />
21-->src\main\AndroidManifest.xml:11:13-55
22        <activity
22-->src\main\AndroidManifest.xml:12:9-15:39
23            android:name="com.example.android.notepad.NoteSearch"
23-->src\main\AndroidManifest.xml:13:13-39
24            android:exported="true"
24-->src\main\AndroidManifest.xml:15:13-36
25            android:label="@string/title_notes_search" />
25-->src\main\AndroidManifest.xml:14:13-55
26
27        <provider
27-->src\main\AndroidManifest.xml:17:9-22:20
28            android:name="com.example.android.notepad.NotePadProvider"
28-->src\main\AndroidManifest.xml:18:13-44
29            android:authorities="com.google.provider.NotePad"
29-->src\main\AndroidManifest.xml:19:13-62
30            android:exported="false" >
30-->src\main\AndroidManifest.xml:20:13-37
31            <grant-uri-permission android:pathPattern=".*" />
31-->src\main\AndroidManifest.xml:21:13-62
31-->src\main\AndroidManifest.xml:21:35-59
32        </provider>
33
34        <activity
34-->src\main\AndroidManifest.xml:24:9-48:20
35            android:name="com.example.android.notepad.NotesList"
35-->src\main\AndroidManifest.xml:25:13-38
36            android:label="@string/title_notes_list" >
36-->src\main\AndroidManifest.xml:26:13-53
37            <intent-filter>
37-->src\main\AndroidManifest.xml:27:13-31:29
38                <action android:name="android.intent.action.MAIN" />
38-->src\main\AndroidManifest.xml:28:17-69
38-->src\main\AndroidManifest.xml:28:25-66
39
40                <category android:name="android.intent.category.LAUNCHER" />
40-->src\main\AndroidManifest.xml:30:17-77
40-->src\main\AndroidManifest.xml:30:27-74
41            </intent-filter>
42            <intent-filter>
42-->src\main\AndroidManifest.xml:32:13-40:29
43                <action android:name="android.intent.action.VIEW" />
43-->src\main\AndroidManifest.xml:33:17-69
43-->src\main\AndroidManifest.xml:33:25-66
44                <action android:name="android.intent.action.EDIT" />
44-->src\main\AndroidManifest.xml:34:17-69
44-->src\main\AndroidManifest.xml:34:25-66
45                <action android:name="android.intent.action.PICK" />
45-->src\main\AndroidManifest.xml:35:17-69
45-->src\main\AndroidManifest.xml:35:25-66
46
47                <category android:name="android.intent.category.DEFAULT" />
47-->src\main\AndroidManifest.xml:37:17-76
47-->src\main\AndroidManifest.xml:37:27-73
48
49                <data android:mimeType="vnd.android.cursor.dir/vnd.google.note" />
49-->src\main\AndroidManifest.xml:39:17-83
49-->src\main\AndroidManifest.xml:39:23-80
50            </intent-filter>
51            <intent-filter>
51-->src\main\AndroidManifest.xml:41:13-47:29
52                <action android:name="android.intent.action.GET_CONTENT" />
52-->src\main\AndroidManifest.xml:42:17-76
52-->src\main\AndroidManifest.xml:42:25-73
53
54                <category android:name="android.intent.category.DEFAULT" />
54-->src\main\AndroidManifest.xml:37:17-76
54-->src\main\AndroidManifest.xml:37:27-73
55
56                <data android:mimeType="vnd.android.cursor.item/vnd.google.note" />
56-->src\main\AndroidManifest.xml:39:17-83
56-->src\main\AndroidManifest.xml:39:23-80
57            </intent-filter>
58        </activity>
59        <activity
59-->src\main\AndroidManifest.xml:49:9-83:20
60            android:name="com.example.android.notepad.NoteEditor"
60-->src\main\AndroidManifest.xml:50:13-39
61            android:configChanges="keyboardHidden|orientation"
61-->src\main\AndroidManifest.xml:51:13-63
62            android:screenOrientation="sensor"
62-->src\main\AndroidManifest.xml:52:13-47
63            android:theme="@android:style/Theme.Holo.Light" >
63-->src\main\AndroidManifest.xml:53:13-60
64
65            <!--
66                 This filter says that we can view or edit the data of
67                 a single note
68            -->
69            <intent-filter android:label="@string/resolve_edit" >
69-->src\main\AndroidManifest.xml:59:13-67:29
69-->src\main\AndroidManifest.xml:59:28-64
70                <action android:name="android.intent.action.VIEW" />
70-->src\main\AndroidManifest.xml:33:17-69
70-->src\main\AndroidManifest.xml:33:25-66
71                <action android:name="android.intent.action.EDIT" />
71-->src\main\AndroidManifest.xml:34:17-69
71-->src\main\AndroidManifest.xml:34:25-66
72                <action android:name="com.android.notepad.action.EDIT_NOTE" />
72-->src\main\AndroidManifest.xml:62:17-79
72-->src\main\AndroidManifest.xml:62:25-76
73
74                <category android:name="android.intent.category.DEFAULT" />
74-->src\main\AndroidManifest.xml:37:17-76
74-->src\main\AndroidManifest.xml:37:27-73
75
76                <data android:mimeType="vnd.android.cursor.item/vnd.google.note" />
76-->src\main\AndroidManifest.xml:39:17-83
76-->src\main\AndroidManifest.xml:39:23-80
77            </intent-filter>
78
79            <!--
80                 This filter says that we can create a new note inside
81                 of a directory of notes.  The INSERT action creates an
82                 empty note; the PASTE action initializes a new note from
83                 the current contents of the clipboard.
84            -->
85            <intent-filter>
85-->src\main\AndroidManifest.xml:75:13-82:29
86                <action android:name="android.intent.action.INSERT" />
86-->src\main\AndroidManifest.xml:76:17-71
86-->src\main\AndroidManifest.xml:76:25-68
87                <action android:name="android.intent.action.PASTE" />
87-->src\main\AndroidManifest.xml:77:17-70
87-->src\main\AndroidManifest.xml:77:25-67
88
89                <category android:name="android.intent.category.DEFAULT" />
89-->src\main\AndroidManifest.xml:37:17-76
89-->src\main\AndroidManifest.xml:37:27-73
90
91                <data android:mimeType="vnd.android.cursor.dir/vnd.google.note" />
91-->src\main\AndroidManifest.xml:39:17-83
91-->src\main\AndroidManifest.xml:39:23-80
92            </intent-filter>
93        </activity>
94        <activity
94-->src\main\AndroidManifest.xml:84:9-120:20
95            android:name="com.example.android.notepad.TitleEditor"
95-->src\main\AndroidManifest.xml:85:13-40
96            android:icon="@drawable/ic_menu_edit"
96-->src\main\AndroidManifest.xml:86:13-50
97            android:label="@string/title_edit_title"
97-->src\main\AndroidManifest.xml:87:13-53
98            android:theme="@android:style/Theme.Holo.Dialog"
98-->src\main\AndroidManifest.xml:88:13-61
99            android:windowSoftInputMode="stateVisible" >
99-->src\main\AndroidManifest.xml:89:13-55
100
101            <!--
102                 This activity implements an alternative action that can be
103                 performed on notes: editing their title.  It can be used as
104                 a default operation if the user invokes this action, and is
105                 available as an alternative action for any note data.
106            -->
107            <intent-filter android:label="@string/resolve_title" >
107-->src\main\AndroidManifest.xml:97:13-119:29
107-->src\main\AndroidManifest.xml:97:28-65
108
109                <!--
110                     This is the action we perform.  It is a custom action we
111                     define for our application, not a generic VIEW or EDIT
112                     action since we are not a general note viewer/editor.
113                -->
114                <action android:name="com.android.notepad.action.EDIT_TITLE" />
114-->src\main\AndroidManifest.xml:104:17-80
114-->src\main\AndroidManifest.xml:104:25-77
115                <!-- DEFAULT: execute if being directly invoked. -->
116                <category android:name="android.intent.category.DEFAULT" />
116-->src\main\AndroidManifest.xml:37:17-76
116-->src\main\AndroidManifest.xml:37:27-73
117                <!--
118                     ALTERNATIVE: show as an alternative action when the user is
119                     working with this type of data.
120                -->
121                <category android:name="android.intent.category.ALTERNATIVE" />
121-->src\main\AndroidManifest.xml:111:17-80
121-->src\main\AndroidManifest.xml:111:27-77
122                <!--
123                     SELECTED_ALTERNATIVE: show as an alternative action the user
124                     can perform when selecting this type of data.
125                -->
126                <category android:name="android.intent.category.SELECTED_ALTERNATIVE" />
126-->src\main\AndroidManifest.xml:116:17-89
126-->src\main\AndroidManifest.xml:116:27-86
127                <!-- This is the data type we operate on. -->
128                <data android:mimeType="vnd.android.cursor.item/vnd.google.note" />
128-->src\main\AndroidManifest.xml:39:17-83
128-->src\main\AndroidManifest.xml:39:23-80
129            </intent-filter>
130        </activity>
131        <activity
131-->src\main\AndroidManifest.xml:121:9-130:20
132            android:name="com.example.android.notepad.NotesLiveFolder"
132-->src\main\AndroidManifest.xml:122:13-44
133            android:icon="@drawable/live_folder_notes"
133-->src\main\AndroidManifest.xml:123:13-55
134            android:label="@string/live_folder_name" >
134-->src\main\AndroidManifest.xml:124:13-53
135            <intent-filter>
135-->src\main\AndroidManifest.xml:125:13-129:29
136                <action android:name="android.intent.action.CREATE_LIVE_FOLDER" />
136-->src\main\AndroidManifest.xml:126:17-83
136-->src\main\AndroidManifest.xml:126:25-80
137
138                <category android:name="android.intent.category.DEFAULT" />
138-->src\main\AndroidManifest.xml:37:17-76
138-->src\main\AndroidManifest.xml:37:27-73
139            </intent-filter>
140        </activity>
141    </application>
142
143</manifest>